clang  -Os -fPIC -falign-functions -mfpmath=sse -fno-dollars-in-identifiers     -I"/usr/bin/../include/omc/c" -I. -DOPENMODELICA_XML_FROM_FILE_AT_RUNTIME -DOMC_MODEL_PREFIX=System -DOMC_NUM_MIXED_SYSTEMS=0 -DOMC_NUM_LINEAR_SYSTEMS=0 -DOMC_NUM_NONLINEAR_SYSTEMS=0 -DOMC_NDELAY_EXPRESSIONS=0 -DOMC_NVAR_STRING=0  -c -o System.o System.c
clang  -Os -fPIC -falign-functions -mfpmath=sse -fno-dollars-in-identifiers     -I"/usr/bin/../include/omc/c" -I. -DOPENMODELICA_XML_FROM_FILE_AT_RUNTIME -DOMC_MODEL_PREFIX=System -DOMC_NUM_MIXED_SYSTEMS=0 -DOMC_NUM_LINEAR_SYSTEMS=0 -DOMC_NUM_NONLINEAR_SYSTEMS=0 -DOMC_NDELAY_EXPRESSIONS=0 -DOMC_NVAR_STRING=0  -c -o System_functions.o System_functions.c
clang  -Os -fPIC -falign-functions -mfpmath=sse -fno-dollars-in-identifiers     -I"/usr/bin/../include/omc/c" -I. -DOPENMODELICA_XML_FROM_FILE_AT_RUNTIME -DOMC_MODEL_PREFIX=System -DOMC_NUM_MIXED_SYSTEMS=0 -DOMC_NUM_LINEAR_SYSTEMS=0 -DOMC_NUM_NONLINEAR_SYSTEMS=0 -DOMC_NDELAY_EXPRESSIONS=0 -DOMC_NVAR_STRING=0  -c -o System_records.o System_records.c
clang  -Os -fPIC -falign-functions -mfpmath=sse -fno-dollars-in-identifiers     -I"/usr/bin/../include/omc/c" -I. -DOPENMODELICA_XML_FROM_FILE_AT_RUNTIME -DOMC_MODEL_PREFIX=System -DOMC_NUM_MIXED_SYSTEMS=0 -DOMC_NUM_LINEAR_SYSTEMS=0 -DOMC_NUM_NONLINEAR_SYSTEMS=0 -DOMC_NDELAY_EXPRESSIONS=0 -DOMC_NVAR_STRING=0  -c -o System_01exo.o System_01exo.c
clang  -Os -fPIC -falign-functions -mfpmath=sse -fno-dollars-in-identifiers     -I"/usr/bin/../include/omc/c" -I. -DOPENMODELICA_XML_FROM_FILE_AT_RUNTIME -DOMC_MODEL_PREFIX=System -DOMC_NUM_MIXED_SYSTEMS=0 -DOMC_NUM_LINEAR_SYSTEMS=0 -DOMC_NUM_NONLINEAR_SYSTEMS=0 -DOMC_NDELAY_EXPRESSIONS=0 -DOMC_NVAR_STRING=0  -c -o System_02nls.o System_02nls.c
clang  -Os -fPIC -falign-functions -mfpmath=sse -fno-dollars-in-identifiers     -I"/usr/bin/../include/omc/c" -I. -DOPENMODELICA_XML_FROM_FILE_AT_RUNTIME -DOMC_MODEL_PREFIX=System -DOMC_NUM_MIXED_SYSTEMS=0 -DOMC_NUM_LINEAR_SYSTEMS=0 -DOMC_NUM_NONLINEAR_SYSTEMS=0 -DOMC_NDELAY_EXPRESSIONS=0 -DOMC_NVAR_STRING=0  -c -o System_03lsy.o System_03lsy.c
clang  -Os -fPIC -falign-functions -mfpmath=sse -fno-dollars-in-identifiers     -I"/usr/bin/../include/omc/c" -I. -DOPENMODELICA_XML_FROM_FILE_AT_RUNTIME -DOMC_MODEL_PREFIX=System -DOMC_NUM_MIXED_SYSTEMS=0 -DOMC_NUM_LINEAR_SYSTEMS=0 -DOMC_NUM_NONLINEAR_SYSTEMS=0 -DOMC_NDELAY_EXPRESSIONS=0 -DOMC_NVAR_STRING=0  -c -o System_04set.o System_04set.c
clang  -Os -fPIC -falign-functions -mfpmath=sse -fno-dollars-in-identifiers     -I"/usr/bin/../include/omc/c" -I. -DOPENMODELICA_XML_FROM_FILE_AT_RUNTIME -DOMC_MODEL_PREFIX=System -DOMC_NUM_MIXED_SYSTEMS=0 -DOMC_NUM_LINEAR_SYSTEMS=0 -DOMC_NUM_NONLINEAR_SYSTEMS=0 -DOMC_NDELAY_EXPRESSIONS=0 -DOMC_NVAR_STRING=0  -c -o System_05evt.o System_05evt.c
clang  -Os -fPIC -falign-functions -mfpmath=sse -fno-dollars-in-identifiers     -I"/usr/bin/../include/omc/c" -I. -DOPENMODELICA_XML_FROM_FILE_AT_RUNTIME -DOMC_MODEL_PREFIX=System -DOMC_NUM_MIXED_SYSTEMS=0 -DOMC_NUM_LINEAR_SYSTEMS=0 -DOMC_NUM_NONLINEAR_SYSTEMS=0 -DOMC_NDELAY_EXPRESSIONS=0 -DOMC_NVAR_STRING=0  -c -o System_06inz.o System_06inz.c
clang  -Os -fPIC -falign-functions -mfpmath=sse -fno-dollars-in-identifiers     -I"/usr/bin/../include/omc/c" -I. -DOPENMODELICA_XML_FROM_FILE_AT_RUNTIME -DOMC_MODEL_PREFIX=System -DOMC_NUM_MIXED_SYSTEMS=0 -DOMC_NUM_LINEAR_SYSTEMS=0 -DOMC_NUM_NONLINEAR_SYSTEMS=0 -DOMC_NDELAY_EXPRESSIONS=0 -DOMC_NVAR_STRING=0  -c -o System_07dly.o System_07dly.c
clang  -Os -fPIC -falign-functions -mfpmath=sse -fno-dollars-in-identifiers     -I"/usr/bin/../include/omc/c" -I. -DOPENMODELICA_XML_FROM_FILE_AT_RUNTIME -DOMC_MODEL_PREFIX=System -DOMC_NUM_MIXED_SYSTEMS=0 -DOMC_NUM_LINEAR_SYSTEMS=0 -DOMC_NUM_NONLINEAR_SYSTEMS=0 -DOMC_NDELAY_EXPRESSIONS=0 -DOMC_NVAR_STRING=0  -c -o System_08bnd.o System_08bnd.c
clang  -Os -fPIC -falign-functions -mfpmath=sse -fno-dollars-in-identifiers     -I"/usr/bin/../include/omc/c" -I. -DOPENMODELICA_XML_FROM_FILE_AT_RUNTIME -DOMC_MODEL_PREFIX=System -DOMC_NUM_MIXED_SYSTEMS=0 -DOMC_NUM_LINEAR_SYSTEMS=0 -DOMC_NUM_NONLINEAR_SYSTEMS=0 -DOMC_NDELAY_EXPRESSIONS=0 -DOMC_NVAR_STRING=0  -c -o System_09alg.o System_09alg.c
clang  -Os -fPIC -falign-functions -mfpmath=sse -fno-dollars-in-identifiers     -I"/usr/bin/../include/omc/c" -I. -DOPENMODELICA_XML_FROM_FILE_AT_RUNTIME -DOMC_MODEL_PREFIX=System -DOMC_NUM_MIXED_SYSTEMS=0 -DOMC_NUM_LINEAR_SYSTEMS=0 -DOMC_NUM_NONLINEAR_SYSTEMS=0 -DOMC_NDELAY_EXPRESSIONS=0 -DOMC_NVAR_STRING=0  -c -o System_10asr.o System_10asr.c
clang  -Os -fPIC -falign-functions -mfpmath=sse -fno-dollars-in-identifiers     -I"/usr/bin/../include/omc/c" -I. -DOPENMODELICA_XML_FROM_FILE_AT_RUNTIME -DOMC_MODEL_PREFIX=System -DOMC_NUM_MIXED_SYSTEMS=0 -DOMC_NUM_LINEAR_SYSTEMS=0 -DOMC_NUM_NONLINEAR_SYSTEMS=0 -DOMC_NDELAY_EXPRESSIONS=0 -DOMC_NVAR_STRING=0  -c -o System_11mix.o System_11mix.c
clang  -Os -fPIC -falign-functions -mfpmath=sse -fno-dollars-in-identifiers     -I"/usr/bin/../include/omc/c" -I. -DOPENMODELICA_XML_FROM_FILE_AT_RUNTIME -DOMC_MODEL_PREFIX=System -DOMC_NUM_MIXED_SYSTEMS=0 -DOMC_NUM_LINEAR_SYSTEMS=0 -DOMC_NUM_NONLINEAR_SYSTEMS=0 -DOMC_NDELAY_EXPRESSIONS=0 -DOMC_NVAR_STRING=0  -c -o System_12jac.o System_12jac.c
clang  -Os -fPIC -falign-functions -mfpmath=sse -fno-dollars-in-identifiers     -I"/usr/bin/../include/omc/c" -I. -DOPENMODELICA_XML_FROM_FILE_AT_RUNTIME -DOMC_MODEL_PREFIX=System -DOMC_NUM_MIXED_SYSTEMS=0 -DOMC_NUM_LINEAR_SYSTEMS=0 -DOMC_NUM_NONLINEAR_SYSTEMS=0 -DOMC_NDELAY_EXPRESSIONS=0 -DOMC_NVAR_STRING=0  -c -o System_13opt.o System_13opt.c
clang  -Os -fPIC -falign-functions -mfpmath=sse -fno-dollars-in-identifiers     -I"/usr/bin/../include/omc/c" -I. -DOPENMODELICA_XML_FROM_FILE_AT_RUNTIME -DOMC_MODEL_PREFIX=System -DOMC_NUM_MIXED_SYSTEMS=0 -DOMC_NUM_LINEAR_SYSTEMS=0 -DOMC_NUM_NONLINEAR_SYSTEMS=0 -DOMC_NDELAY_EXPRESSIONS=0 -DOMC_NVAR_STRING=0  -c -o System_14lnz.o System_14lnz.c
clang  -Os -fPIC -falign-functions -mfpmath=sse -fno-dollars-in-identifiers     -I"/usr/bin/../include/omc/c" -I. -DOPENMODELICA_XML_FROM_FILE_AT_RUNTIME -DOMC_MODEL_PREFIX=System -DOMC_NUM_MIXED_SYSTEMS=0 -DOMC_NUM_LINEAR_SYSTEMS=0 -DOMC_NUM_NONLINEAR_SYSTEMS=0 -DOMC_NDELAY_EXPRESSIONS=0 -DOMC_NVAR_STRING=0  -c -o System_15syn.o System_15syn.c
clang  -Os -fPIC -falign-functions -mfpmath=sse -fno-dollars-in-identifiers     -I"/usr/bin/../include/omc/c" -I. -DOPENMODELICA_XML_FROM_FILE_AT_RUNTIME -DOMC_MODEL_PREFIX=System -DOMC_NUM_MIXED_SYSTEMS=0 -DOMC_NUM_LINEAR_SYSTEMS=0 -DOMC_NUM_NONLINEAR_SYSTEMS=0 -DOMC_NDELAY_EXPRESSIONS=0 -DOMC_NVAR_STRING=0  -c -o System_16dae.o System_16dae.c
clang  -Os -fPIC -falign-functions -mfpmath=sse -fno-dollars-in-identifiers     -I"/usr/bin/../include/omc/c" -I. -DOPENMODELICA_XML_FROM_FILE_AT_RUNTIME -DOMC_MODEL_PREFIX=System -DOMC_NUM_MIXED_SYSTEMS=0 -DOMC_NUM_LINEAR_SYSTEMS=0 -DOMC_NUM_NONLINEAR_SYSTEMS=0 -DOMC_NDELAY_EXPRESSIONS=0 -DOMC_NVAR_STRING=0  -c -o System_17inl.o System_17inl.c
System.c:209:74: warning: equality comparison with extraneous parentheses [-Wparentheses-equality]
      if((data->localData[0]->realVars[21] /* mo_av.sim_step DISCRETE */ == data->simulationInfo->realParameter[4] /* mo_av.stop_simulation PARAM */))
          ~~~~~~~~~~~~~~~~~~~~~~~~~~~~~~~~~~~~~~~~~~~~~~~~~~~~~~~~~~~~~~~^~~~~~~~~~~~~~~~~~~~~~~~~~~~~~~~~~~~~~~~~
System.c:209:74: note: remove extraneous parentheses around the comparison to silence this warning
      if((data->localData[0]->realVars[21] /* mo_av.sim_step DISCRETE */ == data->simulationInfo->realParameter[4] /* mo_av.stop_simulation PARAM */))
         ~                                                               ^                                                                          ~
System.c:209:74: note: use '=' to turn this equality comparison into an assignment
      if((data->localData[0]->realVars[21] /* mo_av.sim_step DISCRETE */ == data->simulationInfo->realParameter[4] /* mo_av.stop_simulation PARAM */))
                                                                         ^~
                                                                         =
1 warning generated.
clang -I. -o System System.o System_functions.o System_records.o System_01exo.o System_02nls.o System_03lsy.o System_04set.o System_05evt.o System_06inz.o System_07dly.o System_08bnd.o System_09alg.o System_10asr.o System_11mix.o System_12jac.o System_13opt.o System_14lnz.o System_15syn.o System_16dae.o System_17inl.o -I"/usr/bin/../include/omc/c" -I. -DOPENMODELICA_XML_FROM_FILE_AT_RUNTIME -DOMC_MODEL_PREFIX=System -DOMC_NUM_MIXED_SYSTEMS=0 -DOMC_NUM_LINEAR_SYSTEMS=0 -DOMC_NUM_NONLINEAR_SYSTEMS=0 -DOMC_NDELAY_EXPRESSIONS=0 -DOMC_NVAR_STRING=0 -L"/home/leeoos/Projects/Modelica/Insulin-Pump/Prj/Models"    -Os -fPIC -falign-functions -mfpmath=sse -fno-dollars-in-identifiers     -I"/usr/bin/../include/omc/c" -I. -DOPENMODELICA_XML_FROM_FILE_AT_RUNTIME -DOMC_MODEL_PREFIX=System -DOMC_NUM_MIXED_SYSTEMS=0 -DOMC_NUM_LINEAR_SYSTEMS=0 -DOMC_NUM_NONLINEAR_SYSTEMS=0 -DOMC_NDELAY_EXPRESSIONS=0 -DOMC_NVAR_STRING=0 -L"/usr/bin/../lib/x86_64-linux-gnu/omc" -L"/usr/bin/../lib" -Wl,-rpath,"/usr/bin/../lib/x86_64-linux-gnu/omc" -Wl,-rpath,"/usr/bin/../lib"   -Wl,--no-as-needed -Wl,--disable-new-dtags -lSimulationRuntimeC -llapack -lblas -lm -lm -lomcgc -lpthread -rdynamic -Wl,--no-undefined 
